c:\users\s181330\desktop\mathsforgames\trunk\mathlib\mathlib\x64\debug\mathlib.pdb
c:\users\s181330\desktop\mathsforgames\trunk\mathlib\mathlib\x64\debug\mathlib.idb
c:\users\s181330\desktop\mathsforgames\trunk\mathlib\mathlib\x64\debug\vector2.obj
c:\users\s181330\desktop\mathsforgames\trunk\mathlib\mathlib\x64\debug\vector3.obj
c:\users\s181330\desktop\mathsforgames\trunk\mathlib\mathlib\x64\debug\vector4.obj
c:\users\s181330\desktop\mathsforgamestest\trunk\mathlib\mathlib\x64\debug\mathlib.pdb
c:\users\s181330\desktop\mathsforgamestest\trunk\mathlib\mathlib\x64\debug\mathlib.idb
c:\users\s181330\desktop\mathsforgamestest\trunk\mathlib\mathlib\x64\debug\matrix2.obj
c:\users\s181330\desktop\mathsforgamestest\trunk\mathlib\mathlib\x64\debug\matrix3.obj
c:\users\s181330\desktop\mathsforgamestest\trunk\mathlib\mathlib\x64\debug\matrix4.obj
c:\users\s181330\desktop\mathsforgamestest\trunk\mathlib\mathlib\x64\debug\vector2.obj
c:\users\s181330\desktop\mathsforgamestest\trunk\mathlib\mathlib\x64\debug\vector3.obj
c:\users\s181330\desktop\mathsforgamestest\trunk\mathlib\mathlib\x64\debug\vector4.obj
c:\users\s181330\desktop\mathsforgames\trunk\x64\debug\mathlib.lib
c:\users\s181330\desktop\mathsforgamestest\trunk\x64\debug\mathlib.lib
c:\users\s181330\desktop\mathsforgamestest\trunk\x64\debug\mathlib.pdb
c:\users\s181330\desktop\mathsforgamestest\trunk\mathlib\mathlib\x64\debug\mathlib.tlog\cl.command.1.tlog
c:\users\s181330\desktop\mathsforgamestest\trunk\mathlib\mathlib\x64\debug\mathlib.tlog\cl.read.1.tlog
c:\users\s181330\desktop\mathsforgamestest\trunk\mathlib\mathlib\x64\debug\mathlib.tlog\cl.write.1.tlog
c:\users\s181330\desktop\mathsforgamestest\trunk\mathlib\mathlib\x64\debug\mathlib.tlog\lib-link.read.1.tlog
c:\users\s181330\desktop\mathsforgamestest\trunk\mathlib\mathlib\x64\debug\mathlib.tlog\lib-link.write.1.tlog
c:\users\s181330\desktop\mathsforgamestest\trunk\mathlib\mathlib\x64\debug\mathlib.tlog\lib.command.1.tlog
